#! /usr/bin/vvp
:ivl_version "0.9.7 " "(v0_9_7)";
:vpi_time_precision + 0;
:vpi_module "system";
:vpi_module "v2005_math";
:vpi_module "va_math";
S_0x1a63580 .scope module, "pwm2pcm" "pwm2pcm" 2 15;
 .timescale 0 0;
v0x1a63700_0 .var "HyperMegaPCM", 0 0;
v0x1a97240_0 .var "PCMCounter", 1 0;
v0x1a972e0_0 .var "PWMCounter", 2 0;
v0x1a97380_0 .net "SuperMegaX4", 0 0, C4<z>; 0 drivers
v0x1a97430_0 .net "clk", 0 0, C4<z>; 0 drivers
v0x1a974d0_0 .net "clk3", 0 0, C4<z>; 0 drivers
v0x1a975b0_0 .net "clk8", 0 0, C4<z>; 0 drivers
E_0x1a63670 .event edge, v0x1a63700_0;
E_0x1a636a0 .event posedge, v0x1a975b0_0;
E_0x1a636d0 .event posedge, v0x1a974d0_0;
    .scope S_0x1a63580;
T_0 ;
    %wait E_0x1a636d0;
    %load/v 8, v0x1a97380_0, 1;
    %mov 9, 0, 2;
    %cmpi/u 8, 1, 3;
    %jmp/0xz  T_0.0, 4;
    %load/v 8, v0x1a974d0_0, 1;
    %mov 9, 0, 2;
    %cmpi/u 8, 1, 3;
    %jmp/0xz  T_0.2, 4;
    %load/v 8, v0x1a972e0_0, 3;
    %mov 11, 0, 29;
    %addi 8, 1, 32;
    %ix/load 0, 3, 0;
    %assign/v0 v0x1a972e0_0, 0, 8;
T_0.2 ;
T_0.0 ;
    %load/v 8, v0x1a97380_0, 1;
    %mov 9, 0, 1;
    %cmpi/u 8, 0, 2;
    %jmp/0xz  T_0.4, 4;
    %ix/load 0, 3, 0;
    %assign/v0 v0x1a972e0_0, 0, 0;
T_0.4 ;
    %jmp T_0;
    .thread T_0;
    .scope S_0x1a63580;
T_1 ;
    %wait E_0x1a636a0;
    %load/v 8, v0x1a97240_0, 2;
    %mov 10, 0, 1;
    %cmpi/u 8, 0, 3;
    %jmp/0xz  T_1.0, 4;
    %load/v 8, v0x1a972e0_0, 1; Only need 1 of 3 bits
; Save base=8 wid=1 in lookaside.
    %ix/load 0, 1, 0;
    %assign/v0 v0x1a63700_0, 0, 8;
    %load/v 8, v0x1a97240_0, 2;
    %mov 10, 0, 30;
    %addi 8, 1, 32;
    %ix/load 0, 2, 0;
    %assign/v0 v0x1a97240_0, 0, 8;
T_1.0 ;
    %load/v 8, v0x1a97240_0, 2;
    %mov 10, 0, 1;
    %cmpi/u 8, 1, 3;
    %jmp/0xz  T_1.2, 4;
    %ix/load 1, 1, 0;
    %mov 4, 0, 1;
    %jmp/1 T_1.4, 4;
    %load/x1p 8, v0x1a972e0_0, 1;
    %jmp T_1.5;
T_1.4 ;
    %mov 8, 2, 1;
T_1.5 ;
; Save base=8 wid=1 in lookaside.
    %ix/load 0, 1, 0;
    %assign/v0 v0x1a63700_0, 0, 8;
    %load/v 8, v0x1a97240_0, 2;
    %mov 10, 0, 30;
    %addi 8, 1, 32;
    %ix/load 0, 2, 0;
    %assign/v0 v0x1a97240_0, 0, 8;
T_1.2 ;
    %load/v 8, v0x1a97240_0, 2;
    %mov 10, 0, 2;
    %cmpi/u 8, 2, 4;
    %jmp/0xz  T_1.6, 4;
    %ix/load 1, 2, 0;
    %mov 4, 0, 1;
    %jmp/1 T_1.8, 4;
    %load/x1p 8, v0x1a972e0_0, 1;
    %jmp T_1.9;
T_1.8 ;
    %mov 8, 2, 1;
T_1.9 ;
; Save base=8 wid=1 in lookaside.
    %ix/load 0, 1, 0;
    %assign/v0 v0x1a63700_0, 0, 8;
    %ix/load 0, 2, 0;
    %assign/v0 v0x1a97240_0, 0, 0;
T_1.6 ;
    %jmp T_1;
    .thread T_1;
    .scope S_0x1a63580;
T_2 ;
    %wait E_0x1a63670;
    %load/v 8, v0x1a63700_0, 1;
    %mov 9, 0, 2;
    %cmpi/u 8, 1, 3;
    %jmp/0xz  T_2.0, 4;
    %delay 1, 0;
    %ix/load 0, 1, 0;
    %assign/v0 v0x1a63700_0, 0, 0;
T_2.0 ;
    %jmp T_2;
    .thread T_2, $push;
# The file index is used to find the file name in the following table.
:file_names 3;
    "N/A";
    "<interactive>";
    "pwm2pcm.v";
